<?xml version="1.0" encoding="UTF-8"?>
<!-- Generated by org.testng.reporters.JUnitReportReporter -->
<testsuite hostname="LAPTOP-1TIQ5CFJ" name="org.loc.StorePojoTest" tests="2" failures="0" timestamp="8 Apr 2024 00:15:48 GMT" time="73.783" errors="0">
  <testcase name="findStore" time="25.168" classname="org.loc.StorePojoTest"/>
  <testcase name="checkHelp" time="48.615" classname="org.loc.StorePojoTest"/>
</testsuite> <!-- org.loc.StorePojoTest -->
